<?xml version="1.0" encoding="UTF-8" ?>
<testsuite failures="0" time="0.175" errors="1" skipped="1" tests="2" name="my.mycompany.myapp.web.LoginControllerTest">
  <properties>
    <property name="java.runtime.name" value="Java(TM) SE Runtime Environment"/>
    <property name="sun.boot.library.path" value="D:\Program Files\Java\jdk1.7.0_25\jre\bin"/>
    <property name="java.vm.version" value="23.25-b01"/>
    <property name="java.vm.vendor" value="Oracle Corporation"/>
    <property name="java.vendor.url" value="http://java.oracle.com/"/>
    <property name="path.separator" value=";"/>
    <property name="guice.disable.misplaced.annotation.check" value="true"/>
    <property name="java.vm.name" value="Java HotSpot(TM) 64-Bit Server VM"/>
    <property name="file.encoding.pkg" value="sun.io"/>
    <property name="user.script" value=""/>
    <property name="user.country" value="CN"/>
    <property name="sun.java.launcher" value="SUN_STANDARD"/>
    <property name="sun.os.patch.level" value=""/>
    <property name="java.vm.specification.name" value="Java Virtual Machine Specification"/>
    <property name="user.dir" value="E:\workspace-sts-3.3.0.RELEASE\spring-sts-mvc-jdbc-showcase"/>
    <property name="java.runtime.version" value="1.7.0_25-b17"/>
    <property name="java.awt.graphicsenv" value="sun.awt.Win32GraphicsEnvironment"/>
    <property name="java.endorsed.dirs" value="D:\Program Files\Java\jdk1.7.0_25\jre\lib\endorsed"/>
    <property name="os.arch" value="amd64"/>
    <property name="java.io.tmpdir" value="C:\Users\aa\AppData\Local\Temp\"/>
    <property name="line.separator" value="
"/>
    <property name="java.vm.specification.vendor" value="Oracle Corporation"/>
    <property name="user.variant" value=""/>
    <property name="os.name" value="Windows 7"/>
    <property name="classworlds.conf" value="E:\workspace-sts-3.3.0.RELEASE\.metadata\.plugins\org.eclipse.m2e.launching\launches\m2conf8269358208757835976.tmp"/>
    <property name="sun.jnu.encoding" value="GBK"/>
    <property name="java.library.path" value="D:\Program Files\Java\jdk1.7.0_25\bin;C:\Windows\Sun\Java\bin;C:\Windows\system32;C:\Windows;C:\Program Files\Common Files\Microsoft Shared\Windows Live;C:\Program Files (x86)\Common Files\Microsoft Shared\Windows Live;D:\Program Files\Java\jdk1.6.0_43\bin;D:\Program Files\Java\jdk1.6.0_43\jre\bin;C:\Program Files (x86)\AMD APP\bin\x86_64;C:\Program Files (x86)\AMD APP\bin\x86;C:\Program Files\Intel\iCLS Client\;C:\Program Files (x86)\Intel\iCLS Client\;C:\Windows\system32;C:\Windows;C:\Windows\System32\Wbem;C:\Windows\System32\WindowsPowerShell\v1.0\;C:\Program Files\Intel\Intel(R) Management Engine Components\DAL;C:\Program Files\Intel\Intel(R) Management Engine Components\IPT;C:\Program Files (x86)\Intel\Intel(R) Management Engine Components\DAL;C:\Program Files (x86)\Intel\Intel(R) Management Engine Components\IPT;C:\Program Files (x86)\ATI Technologies\ATI.ACE\Core-Static;C:\Program Files (x86)\Windows Live\Shared;D:\Program Files\Android\android-sdk-windows\tools;."/>
    <property name="java.specification.name" value="Java Platform API Specification"/>
    <property name="java.class.version" value="51.0"/>
    <property name="sun.management.compiler" value="HotSpot 64-Bit Tiered Compilers"/>
    <property name="os.version" value="6.1"/>
    <property name="user.home" value="C:\Users\aa"/>
    <property name="user.timezone" value="Asia/Shanghai"/>
    <property name="java.awt.printerjob" value="sun.awt.windows.WPrinterJob"/>
    <property name="java.specification.version" value="1.7"/>
    <property name="file.encoding" value="UTF-8"/>
    <property name="user.name" value="aa"/>
    <property name="java.class.path" value="/D:/Program Files/springsource-3.3.0/sts-3.3.0.RELEASE/configuration/org.eclipse.osgi/bundles/549/1/.cp/jars/plexus-classworlds-2.4.jar"/>
    <property name="java.vm.specification.version" value="1.7"/>
    <property name="sun.arch.data.model" value="64"/>
    <property name="java.home" value="D:\Program Files\Java\jdk1.7.0_25\jre"/>
    <property name="sun.java.command" value="org.codehaus.plexus.classworlds.launcher.Launcher -Pdev-hsql -B install"/>
    <property name="java.specification.vendor" value="Oracle Corporation"/>
    <property name="user.language" value="zh"/>
    <property name="awt.toolkit" value="sun.awt.windows.WToolkit"/>
    <property name="java.vm.info" value="mixed mode"/>
    <property name="java.version" value="1.7.0_25"/>
    <property name="java.ext.dirs" value="D:\Program Files\Java\jdk1.7.0_25\jre\lib\ext;C:\Windows\Sun\Java\lib\ext"/>
    <property name="sun.boot.class.path" value="D:\Program Files\Java\jdk1.7.0_25\jre\lib\resources.jar;D:\Program Files\Java\jdk1.7.0_25\jre\lib\rt.jar;D:\Program Files\Java\jdk1.7.0_25\jre\lib\sunrsasign.jar;D:\Program Files\Java\jdk1.7.0_25\jre\lib\jsse.jar;D:\Program Files\Java\jdk1.7.0_25\jre\lib\jce.jar;D:\Program Files\Java\jdk1.7.0_25\jre\lib\charsets.jar;D:\Program Files\Java\jdk1.7.0_25\jre\lib\jfr.jar;D:\Program Files\Java\jdk1.7.0_25\jre\classes"/>
    <property name="java.vendor" value="Oracle Corporation"/>
    <property name="maven.home" value="E:\workspace-sts-3.3.0.RELEASE\spring-sts-mvc-jdbc-showcase\EMBEDDED"/>
    <property name="file.separator" value="\"/>
    <property name="java.vendor.url.bug" value="http://bugreport.sun.com/bugreport/"/>
    <property name="maven.bootclasspath" value="/D:/Program Files/springsource-3.3.0/sts-3.3.0.RELEASE/configuration/org.eclipse.osgi/bundles/549/1/.cp/jars/plexus-classworlds-2.4.jar"/>
    <property name="sun.cpu.endian" value="little"/>
    <property name="sun.io.unicode.encoding" value="UnicodeLittle"/>
    <property name="sun.desktop" value="windows"/>
    <property name="sun.cpu.isalist" value="amd64"/>
  </properties>
  <testcase time="0.174" classname="my.mycompany.myapp.web.LoginControllerTest" name="testLogin">
    <error message="Failed to load ApplicationContext" type="java.lang.IllegalStateException">java.lang.IllegalStateException: Failed to load ApplicationContext
	at org.springframework.test.context.CacheAwareContextLoaderDelegate.loadContext(CacheAwareContextLoaderDelegate.java:99)
	at org.springframework.test.context.DefaultTestContext.getApplicationContext(DefaultTestContext.java:101)
	at org.springframework.test.context.web.ServletTestExecutionListener.setUpRequestContextIfNecessary(ServletTestExecutionListener.java:155)
	at org.springframework.test.context.web.ServletTestExecutionListener.prepareTestInstance(ServletTestExecutionListener.java:100)
	at org.springframework.test.context.TestContextManager.prepareTestInstance(TestContextManager.java:319)
	at org.springframework.test.context.junit4.SpringJUnit4ClassRunner.createTest(SpringJUnit4ClassRunner.java:212)
	at org.springframework.test.context.junit4.SpringJUnit4ClassRunner$1.runReflectiveCall(SpringJUnit4ClassRunner.java:289)
	at org.junit.internal.runners.model.ReflectiveCallable.run(ReflectiveCallable.java:12)
	at org.springframework.test.context.junit4.SpringJUnit4ClassRunner.methodBlock(SpringJUnit4ClassRunner.java:291)
	at org.springframework.test.context.junit4.SpringJUnit4ClassRunner.runChild(SpringJUnit4ClassRunner.java:232)
	at org.springframework.test.context.junit4.SpringJUnit4ClassRunner.runChild(SpringJUnit4ClassRunner.java:89)
	at org.junit.runners.ParentRunner$3.run(ParentRunner.java:238)
	at org.junit.runners.ParentRunner$1.schedule(ParentRunner.java:63)
	at org.junit.runners.ParentRunner.runChildren(ParentRunner.java:236)
	at org.junit.runners.ParentRunner.access$000(ParentRunner.java:53)
	at org.junit.runners.ParentRunner$2.evaluate(ParentRunner.java:229)
	at org.springframework.test.context.junit4.statements.RunBeforeTestClassCallbacks.evaluate(RunBeforeTestClassCallbacks.java:61)
	at org.springframework.test.context.junit4.statements.RunAfterTestClassCallbacks.evaluate(RunAfterTestClassCallbacks.java:71)
	at org.junit.runners.ParentRunner.run(ParentRunner.java:309)
	at org.springframework.test.context.junit4.SpringJUnit4ClassRunner.run(SpringJUnit4ClassRunner.java:175)
	at org.apache.maven.surefire.junit4.JUnit4TestSet.execute(JUnit4TestSet.java:53)
	at org.apache.maven.surefire.junit4.JUnit4Provider.executeTestSet(JUnit4Provider.java:123)
	at org.apache.maven.surefire.junit4.JUnit4Provider.invoke(JUnit4Provider.java:104)
	at sun.reflect.NativeMethodAccessorImpl.invoke0(Native Method)
	at sun.reflect.NativeMethodAccessorImpl.invoke(NativeMethodAccessorImpl.java:57)
	at sun.reflect.DelegatingMethodAccessorImpl.invoke(DelegatingMethodAccessorImpl.java:43)
	at java.lang.reflect.Method.invoke(Method.java:606)
	at org.apache.maven.surefire.util.ReflectionUtils.invokeMethodWithArray(ReflectionUtils.java:164)
	at org.apache.maven.surefire.booter.ProviderFactory$ProviderProxy.invoke(ProviderFactory.java:110)
	at org.apache.maven.surefire.booter.SurefireStarter.invokeProvider(SurefireStarter.java:175)
	at org.apache.maven.surefire.booter.SurefireStarter.runSuitesInProcessWhenForked(SurefireStarter.java:107)
	at org.apache.maven.surefire.booter.ForkedBooter.main(ForkedBooter.java:68)
Caused by: org.springframework.beans.factory.BeanCreationException: Error creating bean with name &apos;shiroFilter&apos; defined in URL [file:/E:/workspace-sts-3.3.0.RELEASE/spring-sts-mvc-jdbc-showcase/target/test-classes/shiro-context.xml]: Cannot resolve reference to bean &apos;securityManager&apos; while setting bean property &apos;securityManager&apos;; nested exception is org.springframework.beans.factory.BeanCreationException: Error creating bean with name &apos;securityManager&apos; defined in URL [file:/E:/workspace-sts-3.3.0.RELEASE/spring-sts-mvc-jdbc-showcase/target/test-classes/shiro-context.xml]: Cannot resolve reference to bean &apos;sampleRealm&apos; while setting bean property &apos;realm&apos;; nested exception is org.springframework.beans.factory.BeanCreationException: Error creating bean with name &apos;sampleRealm&apos; defined in URL [file:/E:/workspace-sts-3.3.0.RELEASE/spring-sts-mvc-jdbc-showcase/target/test-classes/shiro-context.xml]: Cannot resolve reference to bean &apos;dataSource&apos; while setting bean property &apos;dataSource&apos;; nested exception is org.springframework.beans.factory.BeanCreationException: Error creating bean with name &apos;dataSource&apos;: Invocation of init method failed; nested exception is org.springframework.dao.DataAccessResourceFailureException: Failed to execute database script; nested exception is org.springframework.jdbc.datasource.init.ScriptStatementFailedException: Failed to execute SQL script statement at line 1 of resource class path resource [schema.sql]: CREATE TABLE products ( id BIGINT GENERATED BY DEFAULT AS IDENTITY (START WITH 1, INCREMENT BY 1) NOT NULL PRIMARY KEY, name varchar(64) NOT NULL, price decimal(15,2) NOT NULL, description varchar(255) )
	at org.springframework.beans.factory.support.BeanDefinitionValueResolver.resolveReference(BeanDefinitionValueResolver.java:328)
	at org.springframework.beans.factory.support.BeanDefinitionValueResolver.resolveValueIfNecessary(BeanDefinitionValueResolver.java:107)
	at org.springframework.beans.factory.support.AbstractAutowireCapableBeanFactory.applyPropertyValues(AbstractAutowireCapableBeanFactory.java:1456)
	at org.springframework.beans.factory.support.AbstractAutowireCapableBeanFactory.populateBean(AbstractAutowireCapableBeanFactory.java:1197)
	at org.springframework.beans.factory.support.AbstractAutowireCapableBeanFactory.doCreateBean(AbstractAutowireCapableBeanFactory.java:537)
	at org.springframework.beans.factory.support.AbstractAutowireCapableBeanFactory.createBean(AbstractAutowireCapableBeanFactory.java:475)
	at org.springframework.beans.factory.support.AbstractBeanFactory$1.getObject(AbstractBeanFactory.java:304)
	at org.springframework.beans.factory.support.DefaultSingletonBeanRegistry.getSingleton(DefaultSingletonBeanRegistry.java:228)
	at org.springframework.beans.factory.support.AbstractBeanFactory.doGetBean(AbstractBeanFactory.java:300)
	at org.springframework.beans.factory.support.AbstractBeanFactory.getBean(AbstractBeanFactory.java:200)
	at org.springframework.context.support.PostProcessorRegistrationDelegate.registerBeanPostProcessors(PostProcessorRegistrationDelegate.java:232)
	at org.springframework.context.support.AbstractApplicationContext.registerBeanPostProcessors(AbstractApplicationContext.java:618)
	at org.springframework.context.support.AbstractApplicationContext.refresh(AbstractApplicationContext.java:467)
	at org.springframework.test.context.web.AbstractGenericWebContextLoader.loadContext(AbstractGenericWebContextLoader.java:129)
	at org.springframework.test.context.web.AbstractGenericWebContextLoader.loadContext(AbstractGenericWebContextLoader.java:60)
	at org.springframework.test.context.support.AbstractDelegatingSmartContextLoader.delegateLoading(AbstractDelegatingSmartContextLoader.java:100)
	at org.springframework.test.context.support.AbstractDelegatingSmartContextLoader.loadContext(AbstractDelegatingSmartContextLoader.java:250)
	at org.springframework.test.context.CacheAwareContextLoaderDelegate.loadContextInternal(CacheAwareContextLoaderDelegate.java:64)
	at org.springframework.test.context.CacheAwareContextLoaderDelegate.loadContext(CacheAwareContextLoaderDelegate.java:91)
	... 31 more
Caused by: org.springframework.beans.factory.BeanCreationException: Error creating bean with name &apos;securityManager&apos; defined in URL [file:/E:/workspace-sts-3.3.0.RELEASE/spring-sts-mvc-jdbc-showcase/target/test-classes/shiro-context.xml]: Cannot resolve reference to bean &apos;sampleRealm&apos; while setting bean property &apos;realm&apos;; nested exception is org.springframework.beans.factory.BeanCreationException: Error creating bean with name &apos;sampleRealm&apos; defined in URL [file:/E:/workspace-sts-3.3.0.RELEASE/spring-sts-mvc-jdbc-showcase/target/test-classes/shiro-context.xml]: Cannot resolve reference to bean &apos;dataSource&apos; while setting bean property &apos;dataSource&apos;; nested exception is org.springframework.beans.factory.BeanCreationException: Error creating bean with name &apos;dataSource&apos;: Invocation of init method failed; nested exception is org.springframework.dao.DataAccessResourceFailureException: Failed to execute database script; nested exception is org.springframework.jdbc.datasource.init.ScriptStatementFailedException: Failed to execute SQL script statement at line 1 of resource class path resource [schema.sql]: CREATE TABLE products ( id BIGINT GENERATED BY DEFAULT AS IDENTITY (START WITH 1, INCREMENT BY 1) NOT NULL PRIMARY KEY, name varchar(64) NOT NULL, price decimal(15,2) NOT NULL, description varchar(255) )
	at org.springframework.beans.factory.support.BeanDefinitionValueResolver.resolveReference(BeanDefinitionValueResolver.java:328)
	at org.springframework.beans.factory.support.BeanDefinitionValueResolver.resolveValueIfNecessary(BeanDefinitionValueResolver.java:107)
	at org.springframework.beans.factory.support.AbstractAutowireCapableBeanFactory.applyPropertyValues(AbstractAutowireCapableBeanFactory.java:1456)
	at org.springframework.beans.factory.support.AbstractAutowireCapableBeanFactory.populateBean(AbstractAutowireCapableBeanFactory.java:1197)
	at org.springframework.beans.factory.support.AbstractAutowireCapableBeanFactory.doCreateBean(AbstractAutowireCapableBeanFactory.java:537)
	at org.springframework.beans.factory.support.AbstractAutowireCapableBeanFactory.createBean(AbstractAutowireCapableBeanFactory.java:475)
	at org.springframework.beans.factory.support.AbstractBeanFactory$1.getObject(AbstractBeanFactory.java:304)
	at org.springframework.beans.factory.support.DefaultSingletonBeanRegistry.getSingleton(DefaultSingletonBeanRegistry.java:228)
	at org.springframework.beans.factory.support.AbstractBeanFactory.doGetBean(AbstractBeanFactory.java:300)
	at org.springframework.beans.factory.support.AbstractBeanFactory.getBean(AbstractBeanFactory.java:195)
	at org.springframework.beans.factory.support.BeanDefinitionValueResolver.resolveReference(BeanDefinitionValueResolver.java:320)
	... 49 more
Caused by: org.springframework.beans.factory.BeanCreationException: Error creating bean with name &apos;sampleRealm&apos; defined in URL [file:/E:/workspace-sts-3.3.0.RELEASE/spring-sts-mvc-jdbc-showcase/target/test-classes/shiro-context.xml]: Cannot resolve reference to bean &apos;dataSource&apos; while setting bean property &apos;dataSource&apos;; nested exception is org.springframework.beans.factory.BeanCreationException: Error creating bean with name &apos;dataSource&apos;: Invocation of init method failed; nested exception is org.springframework.dao.DataAccessResourceFailureException: Failed to execute database script; nested exception is org.springframework.jdbc.datasource.init.ScriptStatementFailedException: Failed to execute SQL script statement at line 1 of resource class path resource [schema.sql]: CREATE TABLE products ( id BIGINT GENERATED BY DEFAULT AS IDENTITY (START WITH 1, INCREMENT BY 1) NOT NULL PRIMARY KEY, name varchar(64) NOT NULL, price decimal(15,2) NOT NULL, description varchar(255) )
	at org.springframework.beans.factory.support.BeanDefinitionValueResolver.resolveReference(BeanDefinitionValueResolver.java:328)
	at org.springframework.beans.factory.support.BeanDefinitionValueResolver.resolveValueIfNecessary(BeanDefinitionValueResolver.java:107)
	at org.springframework.beans.factory.support.AbstractAutowireCapableBeanFactory.applyPropertyValues(AbstractAutowireCapableBeanFactory.java:1456)
	at org.springframework.beans.factory.support.AbstractAutowireCapableBeanFactory.populateBean(AbstractAutowireCapableBeanFactory.java:1197)
	at org.springframework.beans.factory.support.AbstractAutowireCapableBeanFactory.doCreateBean(AbstractAutowireCapableBeanFactory.java:537)
	at org.springframework.beans.factory.support.AbstractAutowireCapableBeanFactory.createBean(AbstractAutowireCapableBeanFactory.java:475)
	at org.springframework.beans.factory.support.AbstractBeanFactory$1.getObject(AbstractBeanFactory.java:304)
	at org.springframework.beans.factory.support.DefaultSingletonBeanRegistry.getSingleton(DefaultSingletonBeanRegistry.java:228)
	at org.springframework.beans.factory.support.AbstractBeanFactory.doGetBean(AbstractBeanFactory.java:300)
	at org.springframework.beans.factory.support.AbstractBeanFactory.getBean(AbstractBeanFactory.java:195)
	at org.springframework.beans.factory.support.BeanDefinitionValueResolver.resolveReference(BeanDefinitionValueResolver.java:320)
	... 59 more
Caused by: org.springframework.beans.factory.BeanCreationException: Error creating bean with name &apos;dataSource&apos;: Invocation of init method failed; nested exception is org.springframework.dao.DataAccessResourceFailureException: Failed to execute database script; nested exception is org.springframework.jdbc.datasource.init.ScriptStatementFailedException: Failed to execute SQL script statement at line 1 of resource class path resource [schema.sql]: CREATE TABLE products ( id BIGINT GENERATED BY DEFAULT AS IDENTITY (START WITH 1, INCREMENT BY 1) NOT NULL PRIMARY KEY, name varchar(64) NOT NULL, price decimal(15,2) NOT NULL, description varchar(255) )
	at org.springframework.beans.factory.support.AbstractAutowireCapableBeanFactory.initializeBean(AbstractAutowireCapableBeanFactory.java:1553)
	at org.springframework.beans.factory.support.AbstractAutowireCapableBeanFactory.doCreateBean(AbstractAutowireCapableBeanFactory.java:539)
	at org.springframework.beans.factory.support.AbstractAutowireCapableBeanFactory.createBean(AbstractAutowireCapableBeanFactory.java:475)
	at org.springframework.beans.factory.support.AbstractBeanFactory$1.getObject(AbstractBeanFactory.java:304)
	at org.springframework.beans.factory.support.DefaultSingletonBeanRegistry.getSingleton(DefaultSingletonBeanRegistry.java:228)
	at org.springframework.beans.factory.support.AbstractBeanFactory.doGetBean(AbstractBeanFactory.java:300)
	at org.springframework.beans.factory.support.AbstractBeanFactory.getBean(AbstractBeanFactory.java:195)
	at org.springframework.beans.factory.support.BeanDefinitionValueResolver.resolveReference(BeanDefinitionValueResolver.java:320)
	... 69 more
Caused by: org.springframework.dao.DataAccessResourceFailureException: Failed to execute database script; nested exception is org.springframework.jdbc.datasource.init.ScriptStatementFailedException: Failed to execute SQL script statement at line 1 of resource class path resource [schema.sql]: CREATE TABLE products ( id BIGINT GENERATED BY DEFAULT AS IDENTITY (START WITH 1, INCREMENT BY 1) NOT NULL PRIMARY KEY, name varchar(64) NOT NULL, price decimal(15,2) NOT NULL, description varchar(255) )
	at org.springframework.jdbc.datasource.init.DatabasePopulatorUtils.execute(DatabasePopulatorUtils.java:56)
	at org.springframework.jdbc.datasource.embedded.EmbeddedDatabaseFactory.initDatabase(EmbeddedDatabaseFactory.java:136)
	at org.springframework.jdbc.datasource.embedded.EmbeddedDatabaseFactoryBean.afterPropertiesSet(EmbeddedDatabaseFactoryBean.java:59)
	at org.springframework.beans.factory.support.AbstractAutowireCapableBeanFactory.invokeInitMethods(AbstractAutowireCapableBeanFactory.java:1612)
	at org.springframework.beans.factory.support.AbstractAutowireCapableBeanFactory.initializeBean(AbstractAutowireCapableBeanFactory.java:1549)
	... 76 more
Caused by: org.springframework.jdbc.datasource.init.ScriptStatementFailedException: Failed to execute SQL script statement at line 1 of resource class path resource [schema.sql]: CREATE TABLE products ( id BIGINT GENERATED BY DEFAULT AS IDENTITY (START WITH 1, INCREMENT BY 1) NOT NULL PRIMARY KEY, name varchar(64) NOT NULL, price decimal(15,2) NOT NULL, description varchar(255) )
	at org.springframework.jdbc.datasource.init.ResourceDatabasePopulator.executeSqlScript(ResourceDatabasePopulator.java:202)
	at org.springframework.jdbc.datasource.init.ResourceDatabasePopulator.populate(ResourceDatabasePopulator.java:135)
	at org.springframework.jdbc.datasource.init.CompositeDatabasePopulator.populate(CompositeDatabasePopulator.java:56)
	at org.springframework.jdbc.datasource.init.DatabasePopulatorUtils.execute(DatabasePopulatorUtils.java:47)
	... 80 more
Caused by: java.sql.SQLSyntaxErrorException: object name already exists: PRODUCTS in statement [CREATE TABLE products ( id BIGINT GENERATED BY DEFAULT AS IDENTITY (START WITH 1, INCREMENT BY 1) NOT NULL PRIMARY KEY, name varchar(64) NOT NULL, price decimal(15,2) NOT NULL, description varchar(255) )]
	at org.hsqldb.jdbc.Util.sqlException(Unknown Source)
	at org.hsqldb.jdbc.Util.sqlException(Unknown Source)
	at org.hsqldb.jdbc.JDBCStatement.fetchResult(Unknown Source)
	at org.hsqldb.jdbc.JDBCStatement.execute(Unknown Source)
	at org.springframework.jdbc.datasource.init.ResourceDatabasePopulator.executeSqlScript(ResourceDatabasePopulator.java:187)
	... 83 more
Caused by: org.hsqldb.HsqlException: object name already exists: PRODUCTS
	at org.hsqldb.error.Error.error(Unknown Source)
	at org.hsqldb.error.Error.error(Unknown Source)
	at org.hsqldb.SchemaObjectSet.checkAdd(Unknown Source)
	at org.hsqldb.SchemaManager.checkSchemaObjectNotExists(Unknown Source)
	at org.hsqldb.StatementSchema.setOrCheckObjectName(Unknown Source)
	at org.hsqldb.StatementSchema.getResult(Unknown Source)
	at org.hsqldb.StatementSchema.execute(Unknown Source)
	at org.hsqldb.Session.executeCompiledStatement(Unknown Source)
	at org.hsqldb.Session.executeDirectStatement(Unknown Source)
	at org.hsqldb.Session.execute(Unknown Source)
	... 86 more
</error>
    <system-out>INFO : org.springframework.beans.factory.xml.XmlBeanDefinitionReader - Loading XML bean definitions from URL [file:/E:/workspace-sts-3.3.0.RELEASE/spring-sts-mvc-jdbc-showcase/target/test-classes/root-context.xml]
INFO : org.springframework.beans.factory.xml.XmlBeanDefinitionReader - Loading XML bean definitions from URL [file:/E:/workspace-sts-3.3.0.RELEASE/spring-sts-mvc-jdbc-showcase/target/classes/datasource.xml]
INFO : org.springframework.beans.factory.xml.XmlBeanDefinitionReader - Loading XML bean definitions from URL [file:/E:/workspace-sts-3.3.0.RELEASE/spring-sts-mvc-jdbc-showcase/target/test-classes/shiro-context.xml]
INFO : org.springframework.beans.factory.xml.XmlBeanDefinitionReader - Loading XML bean definitions from URL [file:/E:/workspace-sts-3.3.0.RELEASE/spring-sts-mvc-jdbc-showcase/target/test-classes/servlet-context.xml]
INFO : org.springframework.beans.factory.xml.XmlBeanDefinitionReader - Loading XML bean definitions from URL [file:/E:/workspace-sts-3.3.0.RELEASE/spring-sts-mvc-jdbc-showcase/target/classes/datasource.xml]
INFO : org.springframework.beans.factory.support.DefaultListableBeanFactory - Overriding bean definition for bean &apos;dataSource&apos;: replacing [Root bean: class [org.springframework.jdbc.datasource.embedded.EmbeddedDatabaseFactoryBean]; scope=; abstract=false; lazyInit=false; autowireMode=0; dependencyCheck=0; autowireCandidate=true; primary=false; factoryBeanName=null; factoryMethodName=null; initMethodName=null; destroyMethodName=null] with [Root bean: class [org.springframework.jdbc.datasource.embedded.EmbeddedDatabaseFactoryBean]; scope=; abstract=false; lazyInit=false; autowireMode=0; dependencyCheck=0; autowireCandidate=true; primary=false; factoryBeanName=null; factoryMethodName=null; initMethodName=null; destroyMethodName=null]
INFO : org.springframework.web.context.support.GenericWebApplicationContext - Refreshing org.springframework.web.context.support.GenericWebApplicationContext@c422f73: startup date [Thu Mar 13 11:02:45 CST 2014]; root of context hierarchy
INFO : org.springframework.context.support.PropertySourcesPlaceholderConfigurer - Loading properties file from class path resource [project.properties]
INFO : org.springframework.beans.factory.annotation.AutowiredAnnotationBeanPostProcessor - JSR-330 &apos;javax.inject.Inject&apos; annotation found and supported for autowiring
INFO : org.springframework.context.support.PostProcessorRegistrationDelegate$BeanPostProcessorChecker - Bean &apos;(inner bean)#2&apos; of type [class org.springframework.jdbc.config.SortedResourcesFactoryBean] is not eligible for getting processed by all BeanPostProcessors (for example: not eligible for auto-proxying)
INFO : org.springframework.context.support.PostProcessorRegistrationDelegate$BeanPostProcessorChecker - Bean &apos;org.springframework.transaction.annotation.AnnotationTransactionAttributeSource#0&apos; of type [class org.springframework.transaction.annotation.AnnotationTransactionAttributeSource] is not eligible for getting processed by all BeanPostProcessors (for example: not eligible for auto-proxying)
INFO : org.springframework.context.support.PostProcessorRegistrationDelegate$BeanPostProcessorChecker - Bean &apos;org.apache.shiro.spring.security.interceptor.AuthorizationAttributeSourceAdvisor#0&apos; of type [class org.apache.shiro.spring.security.interceptor.AuthorizationAttributeSourceAdvisor] is not eligible for getting processed by all BeanPostProcessors (for example: not eligible for auto-proxying)
INFO : org.springframework.context.support.PostProcessorRegistrationDelegate$BeanPostProcessorChecker - Bean &apos;org.springframework.transaction.config.internalTransactionAdvisor&apos; of type [class org.springframework.transaction.interceptor.BeanFactoryTransactionAttributeSourceAdvisor] is not eligible for getting processed by all BeanPostProcessors (for example: not eligible for auto-proxying)
INFO : org.springframework.context.support.PostProcessorRegistrationDelegate$BeanPostProcessorChecker - Bean &apos;(inner bean)#2&apos; of type [class [Lorg.springframework.core.io.Resource;] is not eligible for getting processed by all BeanPostProcessors (for example: not eligible for auto-proxying)
INFO : org.springframework.context.support.PostProcessorRegistrationDelegate$BeanPostProcessorChecker - Bean &apos;(inner bean)#1&apos; of type [class org.springframework.jdbc.datasource.init.ResourceDatabasePopulator] is not eligible for getting processed by all BeanPostProcessors (for example: not eligible for auto-proxying)
INFO : org.springframework.context.support.PostProcessorRegistrationDelegate$BeanPostProcessorChecker - Bean &apos;(inner bean)#4&apos; of type [class org.springframework.jdbc.config.SortedResourcesFactoryBean] is not eligible for getting processed by all BeanPostProcessors (for example: not eligible for auto-proxying)
INFO : org.springframework.context.support.PostProcessorRegistrationDelegate$BeanPostProcessorChecker - Bean &apos;(inner bean)#4&apos; of type [class [Lorg.springframework.core.io.Resource;] is not eligible for getting processed by all BeanPostProcessors (for example: not eligible for auto-proxying)
INFO : org.springframework.context.support.PostProcessorRegistrationDelegate$BeanPostProcessorChecker - Bean &apos;(inner bean)#3&apos; of type [class org.springframework.jdbc.datasource.init.ResourceDatabasePopulator] is not eligible for getting processed by all BeanPostProcessors (for example: not eligible for auto-proxying)
INFO : org.springframework.context.support.PostProcessorRegistrationDelegate$BeanPostProcessorChecker - Bean &apos;(inner bean)&apos; of type [class org.springframework.jdbc.datasource.init.CompositeDatabasePopulator] is not eligible for getting processed by all BeanPostProcessors (for example: not eligible for auto-proxying)
INFO : org.springframework.context.support.PostProcessorRegistrationDelegate$BeanPostProcessorChecker - Bean &apos;(inner bean)#5&apos; of type [class org.springframework.jdbc.datasource.init.CompositeDatabasePopulator] is not eligible for getting processed by all BeanPostProcessors (for example: not eligible for auto-proxying)
INFO : org.springframework.jdbc.datasource.embedded.EmbeddedDatabaseFactory - Creating embedded database &apos;dataSource&apos;
INFO : org.springframework.jdbc.datasource.init.ResourceDatabasePopulator - Executing SQL script from class path resource [schema.sql]
ERROR: org.springframework.test.context.TestContextManager - Caught exception while allowing TestExecutionListener [org.springframework.test.context.web.ServletTestExecutionListener@5f308abb] to prepare test instance [my.mycompany.myapp.web.LoginControllerTest@6be42bcf]
java.lang.IllegalStateException: Failed to load ApplicationContext
	at org.springframework.test.context.CacheAwareContextLoaderDelegate.loadContext(CacheAwareContextLoaderDelegate.java:99)
	at org.springframework.test.context.DefaultTestContext.getApplicationContext(DefaultTestContext.java:101)
	at org.springframework.test.context.web.ServletTestExecutionListener.setUpRequestContextIfNecessary(ServletTestExecutionListener.java:155)
	at org.springframework.test.context.web.ServletTestExecutionListener.prepareTestInstance(ServletTestExecutionListener.java:100)
	at org.springframework.test.context.TestContextManager.prepareTestInstance(TestContextManager.java:319)
	at org.springframework.test.context.junit4.SpringJUnit4ClassRunner.createTest(SpringJUnit4ClassRunner.java:212)
	at org.springframework.test.context.junit4.SpringJUnit4ClassRunner$1.runReflectiveCall(SpringJUnit4ClassRunner.java:289)
	at org.junit.internal.runners.model.ReflectiveCallable.run(ReflectiveCallable.java:12)
	at org.springframework.test.context.junit4.SpringJUnit4ClassRunner.methodBlock(SpringJUnit4ClassRunner.java:291)
	at org.springframework.test.context.junit4.SpringJUnit4ClassRunner.runChild(SpringJUnit4ClassRunner.java:232)
	at org.springframework.test.context.junit4.SpringJUnit4ClassRunner.runChild(SpringJUnit4ClassRunner.java:89)
	at org.junit.runners.ParentRunner$3.run(ParentRunner.java:238)
	at org.junit.runners.ParentRunner$1.schedule(ParentRunner.java:63)
	at org.junit.runners.ParentRunner.runChildren(ParentRunner.java:236)
	at org.junit.runners.ParentRunner.access$000(ParentRunner.java:53)
	at org.junit.runners.ParentRunner$2.evaluate(ParentRunner.java:229)
	at org.springframework.test.context.junit4.statements.RunBeforeTestClassCallbacks.evaluate(RunBeforeTestClassCallbacks.java:61)
	at org.springframework.test.context.junit4.statements.RunAfterTestClassCallbacks.evaluate(RunAfterTestClassCallbacks.java:71)
	at org.junit.runners.ParentRunner.run(ParentRunner.java:309)
	at org.springframework.test.context.junit4.SpringJUnit4ClassRunner.run(SpringJUnit4ClassRunner.java:175)
	at org.apache.maven.surefire.junit4.JUnit4TestSet.execute(JUnit4TestSet.java:53)
	at org.apache.maven.surefire.junit4.JUnit4Provider.executeTestSet(JUnit4Provider.java:123)
	at org.apache.maven.surefire.junit4.JUnit4Provider.invoke(JUnit4Provider.java:104)
	at sun.reflect.NativeMethodAccessorImpl.invoke0(Native Method)
	at sun.reflect.NativeMethodAccessorImpl.invoke(NativeMethodAccessorImpl.java:57)
	at sun.reflect.DelegatingMethodAccessorImpl.invoke(DelegatingMethodAccessorImpl.java:43)
	at java.lang.reflect.Method.invoke(Method.java:606)
	at org.apache.maven.surefire.util.ReflectionUtils.invokeMethodWithArray(ReflectionUtils.java:164)
	at org.apache.maven.surefire.booter.ProviderFactory$ProviderProxy.invoke(ProviderFactory.java:110)
	at org.apache.maven.surefire.booter.SurefireStarter.invokeProvider(SurefireStarter.java:175)
	at org.apache.maven.surefire.booter.SurefireStarter.runSuitesInProcessWhenForked(SurefireStarter.java:107)
	at org.apache.maven.surefire.booter.ForkedBooter.main(ForkedBooter.java:68)
Caused by: org.springframework.beans.factory.BeanCreationException: Error creating bean with name &apos;shiroFilter&apos; defined in URL [file:/E:/workspace-sts-3.3.0.RELEASE/spring-sts-mvc-jdbc-showcase/target/test-classes/shiro-context.xml]: Cannot resolve reference to bean &apos;securityManager&apos; while setting bean property &apos;securityManager&apos;; nested exception is org.springframework.beans.factory.BeanCreationException: Error creating bean with name &apos;securityManager&apos; defined in URL [file:/E:/workspace-sts-3.3.0.RELEASE/spring-sts-mvc-jdbc-showcase/target/test-classes/shiro-context.xml]: Cannot resolve reference to bean &apos;sampleRealm&apos; while setting bean property &apos;realm&apos;; nested exception is org.springframework.beans.factory.BeanCreationException: Error creating bean with name &apos;sampleRealm&apos; defined in URL [file:/E:/workspace-sts-3.3.0.RELEASE/spring-sts-mvc-jdbc-showcase/target/test-classes/shiro-context.xml]: Cannot resolve reference to bean &apos;dataSource&apos; while setting bean property &apos;dataSource&apos;; nested exception is org.springframework.beans.factory.BeanCreationException: Error creating bean with name &apos;dataSource&apos;: Invocation of init method failed; nested exception is org.springframework.dao.DataAccessResourceFailureException: Failed to execute database script; nested exception is org.springframework.jdbc.datasource.init.ScriptStatementFailedException: Failed to execute SQL script statement at line 1 of resource class path resource [schema.sql]: CREATE TABLE products ( id BIGINT GENERATED BY DEFAULT AS IDENTITY (START WITH 1, INCREMENT BY 1) NOT NULL PRIMARY KEY, name varchar(64) NOT NULL, price decimal(15,2) NOT NULL, description varchar(255) )
	at org.springframework.beans.factory.support.BeanDefinitionValueResolver.resolveReference(BeanDefinitionValueResolver.java:328)
	at org.springframework.beans.factory.support.BeanDefinitionValueResolver.resolveValueIfNecessary(BeanDefinitionValueResolver.java:107)
	at org.springframework.beans.factory.support.AbstractAutowireCapableBeanFactory.applyPropertyValues(AbstractAutowireCapableBeanFactory.java:1456)
	at org.springframework.beans.factory.support.AbstractAutowireCapableBeanFactory.populateBean(AbstractAutowireCapableBeanFactory.java:1197)
	at org.springframework.beans.factory.support.AbstractAutowireCapableBeanFactory.doCreateBean(AbstractAutowireCapableBeanFactory.java:537)
	at org.springframework.beans.factory.support.AbstractAutowireCapableBeanFactory.createBean(AbstractAutowireCapableBeanFactory.java:475)
	at org.springframework.beans.factory.support.AbstractBeanFactory$1.getObject(AbstractBeanFactory.java:304)
	at org.springframework.beans.factory.support.DefaultSingletonBeanRegistry.getSingleton(DefaultSingletonBeanRegistry.java:228)
	at org.springframework.beans.factory.support.AbstractBeanFactory.doGetBean(AbstractBeanFactory.java:300)
	at org.springframework.beans.factory.support.AbstractBeanFactory.getBean(AbstractBeanFactory.java:200)
	at org.springframework.context.support.PostProcessorRegistrationDelegate.registerBeanPostProcessors(PostProcessorRegistrationDelegate.java:232)
	at org.springframework.context.support.AbstractApplicationContext.registerBeanPostProcessors(AbstractApplicationContext.java:618)
	at org.springframework.context.support.AbstractApplicationContext.refresh(AbstractApplicationContext.java:467)
	at org.springframework.test.context.web.AbstractGenericWebContextLoader.loadContext(AbstractGenericWebContextLoader.java:129)
	at org.springframework.test.context.web.AbstractGenericWebContextLoader.loadContext(AbstractGenericWebContextLoader.java:60)
	at org.springframework.test.context.support.AbstractDelegatingSmartContextLoader.delegateLoading(AbstractDelegatingSmartContextLoader.java:100)
	at org.springframework.test.context.support.AbstractDelegatingSmartContextLoader.loadContext(AbstractDelegatingSmartContextLoader.java:250)
	at org.springframework.test.context.CacheAwareContextLoaderDelegate.loadContextInternal(CacheAwareContextLoaderDelegate.java:64)
	at org.springframework.test.context.CacheAwareContextLoaderDelegate.loadContext(CacheAwareContextLoaderDelegate.java:91)
	... 31 more
Caused by: org.springframework.beans.factory.BeanCreationException: Error creating bean with name &apos;securityManager&apos; defined in URL [file:/E:/workspace-sts-3.3.0.RELEASE/spring-sts-mvc-jdbc-showcase/target/test-classes/shiro-context.xml]: Cannot resolve reference to bean &apos;sampleRealm&apos; while setting bean property &apos;realm&apos;; nested exception is org.springframework.beans.factory.BeanCreationException: Error creating bean with name &apos;sampleRealm&apos; defined in URL [file:/E:/workspace-sts-3.3.0.RELEASE/spring-sts-mvc-jdbc-showcase/target/test-classes/shiro-context.xml]: Cannot resolve reference to bean &apos;dataSource&apos; while setting bean property &apos;dataSource&apos;; nested exception is org.springframework.beans.factory.BeanCreationException: Error creating bean with name &apos;dataSource&apos;: Invocation of init method failed; nested exception is org.springframework.dao.DataAccessResourceFailureException: Failed to execute database script; nested exception is org.springframework.jdbc.datasource.init.ScriptStatementFailedException: Failed to execute SQL script statement at line 1 of resource class path resource [schema.sql]: CREATE TABLE products ( id BIGINT GENERATED BY DEFAULT AS IDENTITY (START WITH 1, INCREMENT BY 1) NOT NULL PRIMARY KEY, name varchar(64) NOT NULL, price decimal(15,2) NOT NULL, description varchar(255) )
	at org.springframework.beans.factory.support.BeanDefinitionValueResolver.resolveReference(BeanDefinitionValueResolver.java:328)
	at org.springframework.beans.factory.support.BeanDefinitionValueResolver.resolveValueIfNecessary(BeanDefinitionValueResolver.java:107)
	at org.springframework.beans.factory.support.AbstractAutowireCapableBeanFactory.applyPropertyValues(AbstractAutowireCapableBeanFactory.java:1456)
	at org.springframework.beans.factory.support.AbstractAutowireCapableBeanFactory.populateBean(AbstractAutowireCapableBeanFactory.java:1197)
	at org.springframework.beans.factory.support.AbstractAutowireCapableBeanFactory.doCreateBean(AbstractAutowireCapableBeanFactory.java:537)
	at org.springframework.beans.factory.support.AbstractAutowireCapableBeanFactory.createBean(AbstractAutowireCapableBeanFactory.java:475)
	at org.springframework.beans.factory.support.AbstractBeanFactory$1.getObject(AbstractBeanFactory.java:304)
	at org.springframework.beans.factory.support.DefaultSingletonBeanRegistry.getSingleton(DefaultSingletonBeanRegistry.java:228)
	at org.springframework.beans.factory.support.AbstractBeanFactory.doGetBean(AbstractBeanFactory.java:300)
	at org.springframework.beans.factory.support.AbstractBeanFactory.getBean(AbstractBeanFactory.java:195)
	at org.springframework.beans.factory.support.BeanDefinitionValueResolver.resolveReference(BeanDefinitionValueResolver.java:320)
	... 49 more
Caused by: org.springframework.beans.factory.BeanCreationException: Error creating bean with name &apos;sampleRealm&apos; defined in URL [file:/E:/workspace-sts-3.3.0.RELEASE/spring-sts-mvc-jdbc-showcase/target/test-classes/shiro-context.xml]: Cannot resolve reference to bean &apos;dataSource&apos; while setting bean property &apos;dataSource&apos;; nested exception is org.springframework.beans.factory.BeanCreationException: Error creating bean with name &apos;dataSource&apos;: Invocation of init method failed; nested exception is org.springframework.dao.DataAccessResourceFailureException: Failed to execute database script; nested exception is org.springframework.jdbc.datasource.init.ScriptStatementFailedException: Failed to execute SQL script statement at line 1 of resource class path resource [schema.sql]: CREATE TABLE products ( id BIGINT GENERATED BY DEFAULT AS IDENTITY (START WITH 1, INCREMENT BY 1) NOT NULL PRIMARY KEY, name varchar(64) NOT NULL, price decimal(15,2) NOT NULL, description varchar(255) )
	at org.springframework.beans.factory.support.BeanDefinitionValueResolver.resolveReference(BeanDefinitionValueResolver.java:328)
	at org.springframework.beans.factory.support.BeanDefinitionValueResolver.resolveValueIfNecessary(BeanDefinitionValueResolver.java:107)
	at org.springframework.beans.factory.support.AbstractAutowireCapableBeanFactory.applyPropertyValues(AbstractAutowireCapableBeanFactory.java:1456)
	at org.springframework.beans.factory.support.AbstractAutowireCapableBeanFactory.populateBean(AbstractAutowireCapableBeanFactory.java:1197)
	at org.springframework.beans.factory.support.AbstractAutowireCapableBeanFactory.doCreateBean(AbstractAutowireCapableBeanFactory.java:537)
	at org.springframework.beans.factory.support.AbstractAutowireCapableBeanFactory.createBean(AbstractAutowireCapableBeanFactory.java:475)
	at org.springframework.beans.factory.support.AbstractBeanFactory$1.getObject(AbstractBeanFactory.java:304)
	at org.springframework.beans.factory.support.DefaultSingletonBeanRegistry.getSingleton(DefaultSingletonBeanRegistry.java:228)
	at org.springframework.beans.factory.support.AbstractBeanFactory.doGetBean(AbstractBeanFactory.java:300)
	at org.springframework.beans.factory.support.AbstractBeanFactory.getBean(AbstractBeanFactory.java:195)
	at org.springframework.beans.factory.support.BeanDefinitionValueResolver.resolveReference(BeanDefinitionValueResolver.java:320)
	... 59 more
Caused by: org.springframework.beans.factory.BeanCreationException: Error creating bean with name &apos;dataSource&apos;: Invocation of init method failed; nested exception is org.springframework.dao.DataAccessResourceFailureException: Failed to execute database script; nested exception is org.springframework.jdbc.datasource.init.ScriptStatementFailedException: Failed to execute SQL script statement at line 1 of resource class path resource [schema.sql]: CREATE TABLE products ( id BIGINT GENERATED BY DEFAULT AS IDENTITY (START WITH 1, INCREMENT BY 1) NOT NULL PRIMARY KEY, name varchar(64) NOT NULL, price decimal(15,2) NOT NULL, description varchar(255) )
	at org.springframework.beans.factory.support.AbstractAutowireCapableBeanFactory.initializeBean(AbstractAutowireCapableBeanFactory.java:1553)
	at org.springframework.beans.factory.support.AbstractAutowireCapableBeanFactory.doCreateBean(AbstractAutowireCapableBeanFactory.java:539)
	at org.springframework.beans.factory.support.AbstractAutowireCapableBeanFactory.createBean(AbstractAutowireCapableBeanFactory.java:475)
	at org.springframework.beans.factory.support.AbstractBeanFactory$1.getObject(AbstractBeanFactory.java:304)
	at org.springframework.beans.factory.support.DefaultSingletonBeanRegistry.getSingleton(DefaultSingletonBeanRegistry.java:228)
	at org.springframework.beans.factory.support.AbstractBeanFactory.doGetBean(AbstractBeanFactory.java:300)
	at org.springframework.beans.factory.support.AbstractBeanFactory.getBean(AbstractBeanFactory.java:195)
	at org.springframework.beans.factory.support.BeanDefinitionValueResolver.resolveReference(BeanDefinitionValueResolver.java:320)
	... 69 more
Caused by: org.springframework.dao.DataAccessResourceFailureException: Failed to execute database script; nested exception is org.springframework.jdbc.datasource.init.ScriptStatementFailedException: Failed to execute SQL script statement at line 1 of resource class path resource [schema.sql]: CREATE TABLE products ( id BIGINT GENERATED BY DEFAULT AS IDENTITY (START WITH 1, INCREMENT BY 1) NOT NULL PRIMARY KEY, name varchar(64) NOT NULL, price decimal(15,2) NOT NULL, description varchar(255) )
	at org.springframework.jdbc.datasource.init.DatabasePopulatorUtils.execute(DatabasePopulatorUtils.java:56)
	at org.springframework.jdbc.datasource.embedded.EmbeddedDatabaseFactory.initDatabase(EmbeddedDatabaseFactory.java:136)
	at org.springframework.jdbc.datasource.embedded.EmbeddedDatabaseFactoryBean.afterPropertiesSet(EmbeddedDatabaseFactoryBean.java:59)
	at org.springframework.beans.factory.support.AbstractAutowireCapableBeanFactory.invokeInitMethods(AbstractAutowireCapableBeanFactory.java:1612)
	at org.springframework.beans.factory.support.AbstractAutowireCapableBeanFactory.initializeBean(AbstractAutowireCapableBeanFactory.java:1549)
	... 76 more
Caused by: org.springframework.jdbc.datasource.init.ScriptStatementFailedException: Failed to execute SQL script statement at line 1 of resource class path resource [schema.sql]: CREATE TABLE products ( id BIGINT GENERATED BY DEFAULT AS IDENTITY (START WITH 1, INCREMENT BY 1) NOT NULL PRIMARY KEY, name varchar(64) NOT NULL, price decimal(15,2) NOT NULL, description varchar(255) )
	at org.springframework.jdbc.datasource.init.ResourceDatabasePopulator.executeSqlScript(ResourceDatabasePopulator.java:202)
	at org.springframework.jdbc.datasource.init.ResourceDatabasePopulator.populate(ResourceDatabasePopulator.java:135)
	at org.springframework.jdbc.datasource.init.CompositeDatabasePopulator.populate(CompositeDatabasePopulator.java:56)
	at org.springframework.jdbc.datasource.init.DatabasePopulatorUtils.execute(DatabasePopulatorUtils.java:47)
	... 80 more
Caused by: java.sql.SQLSyntaxErrorException: object name already exists: PRODUCTS in statement [CREATE TABLE products ( id BIGINT GENERATED BY DEFAULT AS IDENTITY (START WITH 1, INCREMENT BY 1) NOT NULL PRIMARY KEY, name varchar(64) NOT NULL, price decimal(15,2) NOT NULL, description varchar(255) )]
	at org.hsqldb.jdbc.Util.sqlException(Unknown Source)
	at org.hsqldb.jdbc.Util.sqlException(Unknown Source)
	at org.hsqldb.jdbc.JDBCStatement.fetchResult(Unknown Source)
	at org.hsqldb.jdbc.JDBCStatement.execute(Unknown Source)
	at org.springframework.jdbc.datasource.init.ResourceDatabasePopulator.executeSqlScript(ResourceDatabasePopulator.java:187)
	... 83 more
Caused by: org.hsqldb.HsqlException: object name already exists: PRODUCTS
	at org.hsqldb.error.Error.error(Unknown Source)
	at org.hsqldb.error.Error.error(Unknown Source)
	at org.hsqldb.SchemaObjectSet.checkAdd(Unknown Source)
	at org.hsqldb.SchemaManager.checkSchemaObjectNotExists(Unknown Source)
	at org.hsqldb.StatementSchema.setOrCheckObjectName(Unknown Source)
	at org.hsqldb.StatementSchema.getResult(Unknown Source)
	at org.hsqldb.StatementSchema.execute(Unknown Source)
	at org.hsqldb.Session.executeCompiledStatement(Unknown Source)
	at org.hsqldb.Session.executeDirectStatement(Unknown Source)
	at org.hsqldb.Session.execute(Unknown Source)
	... 86 more
</system-out>
  </testcase>
  <testcase time="0.174" classname="my.mycompany.myapp.web.LoginControllerTest" name="verifyPassphase">
    <skipped/>
  </testcase>
</testsuite>